2023-08-06 05:35:54.412171 - Initialized conversion of CBT618
2023-08-06 05:35:54.572434 - Received CBT.V505.FILE618.PDS from FILE618.XMI 
2023-08-06 05:35:54.575066 - Found $$$#DATE.txt (text/plain) in CBT.V505.FILE618.PDS, moved to PDS/$$$#DATE
2023-08-06 05:35:54.576255 - Found $$$INDEX.txt (text/plain) in CBT.V505.FILE618.PDS, moved to PDS/$$$INDEX
2023-08-06 05:35:54.577428 - Found @FILE618.txt (text/plain) in CBT.V505.FILE618.PDS, moved to PDS/@FILE618
2023-08-06 05:35:54.578374 - Found ASMCOMP.jcl (text/plain) in CBT.V505.FILE618.PDS, moved to PDS/ASMCOMP
2023-08-06 05:35:54.579554 - Found COBCOMP.jcl (text/plain) in CBT.V505.FILE618.PDS, moved to PDS/COBCOMP
2023-08-06 05:35:54.580483 - Found CREASIM.jcl (text/plain) in CBT.V505.FILE618.PDS, moved to PDS/CREASIM
2023-08-06 05:35:54.581408 - Found DESCREAS.txt (text/plain) in CBT.V505.FILE618.PDS, moved to PDS/DESCREAS
2023-08-06 05:35:54.582446 - Found DESCRECB.txt (text/plain) in CBT.V505.FILE618.PDS, moved to PDS/DESCRECB
2023-08-06 05:35:54.583397 - Found DESRANAS.txt (text/plain) in CBT.V505.FILE618.PDS, moved to PDS/DESRANAS
2023-08-06 05:35:54.584236 - Found DESRANCB.txt (text/plain) in CBT.V505.FILE618.PDS, moved to PDS/DESRANCB
2023-08-06 05:35:54.585115 - Found RANDOMA.txt (text/plain) in CBT.V505.FILE618.PDS, moved to PDS/RANDOMA
2023-08-06 05:35:54.586212 - Found RANDOMC.txt (text/plain) in CBT.V505.FILE618.PDS, moved to PDS/RANDOMC
2023-08-06 05:35:54.587086 - Found RSACREA.txt (text/plain) in CBT.V505.FILE618.PDS, moved to PDS/RSACREA
2023-08-06 05:35:54.587908 - Found RSADSS1.txt (text/plain) in CBT.V505.FILE618.PDS, moved to PDS/RSADSS1
2023-08-06 05:35:54.588728 - Found RSADSS2.txt (text/plain) in CBT.V505.FILE618.PDS, moved to PDS/RSADSS2
2023-08-06 05:35:54.589754 - Found RSA11024.txt (text/plain) in CBT.V505.FILE618.PDS, moved to PDS/RSA11024
2023-08-06 05:35:54.590747 - Found RSA1512.txt (text/plain) in CBT.V505.FILE618.PDS, moved to PDS/RSA1512
2023-08-06 05:35:54.591641 - Found RSA21024.txt (text/plain) in CBT.V505.FILE618.PDS, moved to PDS/RSA21024
2023-08-06 05:35:54.592452 - Found RSA31024.txt (text/plain) in CBT.V505.FILE618.PDS, moved to PDS/RSA31024
2023-08-06 05:35:54.593351 - Found RSA41024.txt (text/plain) in CBT.V505.FILE618.PDS, moved to PDS/RSA41024
2023-08-06 05:35:54.594339 - Found RSA51024.txt (text/plain) in CBT.V505.FILE618.PDS, moved to PDS/RSA51024
2023-08-06 05:35:54.595272 - Found RSA61024.txt (text/plain) in CBT.V505.FILE618.PDS, moved to PDS/RSA61024
2023-08-06 05:35:54.596074 - Found RSA71024.txt (text/plain) in CBT.V505.FILE618.PDS, moved to PDS/RSA71024
2023-08-06 05:35:54.596928 - Found RSA81024.txt (text/plain) in CBT.V505.FILE618.PDS, moved to PDS/RSA81024
2023-08-06 05:35:54.597884 - Found RSA91024.txt (text/plain) in CBT.V505.FILE618.PDS, moved to PDS/RSA91024
2023-08-06 05:35:54.698840 - Found XEXEC.xmi (application/xmit) in CBT.V505.FILE618.PDS
2023-08-06 05:35:54.713127   - Received to CBT618/PCSF.EXEC
2023-08-06 05:35:54.721382 - Found XMLIB.xmi (application/xmit) in CBT.V505.FILE618.PDS
2023-08-06 05:35:54.724681   - Received to CBT618/PERGEN.MLIB
2023-08-06 05:35:54.874637 - Found XPLIB.xmi (application/xmit) in CBT.V505.FILE618.PDS
2023-08-06 05:35:54.903209   - Received to CBT618/PERGEN.PLIB
